<?xml version="1.0" encoding="UTF-8"?>
<!-- Generated by org.testng.reporters.JUnitXMLReporter -->
<testsuite hostname="BLT76" ignored="0" name="Test" tests="6" failures="0" timestamp="17 Feb 2020 11:07:48 GMT" time="0.094" errors="0">
  <testcase name="testCase4" time="0.016" classname="demo.ParallelExecution1"/>
  <testcase name="testCase5" time="0.0" classname="demo.ParallelExecution1"/>
  <testcase name="testCase6" time="0.0" classname="demo.ParallelExecution1"/>
  <testcase name="testCase1" time="0.017" classname="demo.ParallelExecution"/>
  <testcase name="testCase2" time="0.0" classname="demo.ParallelExecution"/>
  <testcase name="testCase3" time="0.0" classname="demo.ParallelExecution"/>
</testsuite> <!-- Test -->
